[22-May-2023 18:48:34] NOTICE: fpm is running, pid 263
[22-May-2023 18:48:34] NOTICE: ready to handle connections
[22-May-2023 18:48:36] NOTICE: Terminating ...
[22-May-2023 18:48:36] NOTICE: exiting, bye-bye!
[22-May-2023 18:51:36] NOTICE: fpm is running, pid 234
[22-May-2023 18:51:36] NOTICE: ready to handle connections
[22-May-2023 19:24:39] NOTICE: Terminating ...
[22-May-2023 19:24:39] NOTICE: exiting, bye-bye!
[22-May-2023 19:52:19] NOTICE: fpm is running, pid 236
[22-May-2023 19:52:19] NOTICE: ready to handle connections
[22-May-2023 19:59:21] NOTICE: Terminating ...
[22-May-2023 19:59:21] NOTICE: exiting, bye-bye!
[29-May-2023 18:15:51] NOTICE: fpm is running, pid 234
[29-May-2023 18:15:51] NOTICE: ready to handle connections
[29-May-2023 18:23:53] NOTICE: Terminating ...
[29-May-2023 18:23:53] NOTICE: exiting, bye-bye!
[31-May-2023 12:12:37] NOTICE: fpm is running, pid 231
[31-May-2023 12:12:37] NOTICE: ready to handle connections
[31-May-2023 12:17:21] NOTICE: Terminating ...
[31-May-2023 12:17:21] NOTICE: exiting, bye-bye!
[31-May-2023 12:17:41] NOTICE: fpm is running, pid 235
[31-May-2023 12:17:41] NOTICE: ready to handle connections
[31-May-2023 12:25:57] NOTICE: Terminating ...
[31-May-2023 12:25:57] NOTICE: exiting, bye-bye!
[01-Jun-2023 08:08:57] NOTICE: fpm is running, pid 231
[01-Jun-2023 08:08:57] NOTICE: ready to handle connections
[01-Jun-2023 08:11:56] NOTICE: Terminating ...
[01-Jun-2023 08:11:56] NOTICE: exiting, bye-bye!
[01-Jun-2023 08:14:47] NOTICE: fpm is running, pid 235
[01-Jun-2023 08:14:47] NOTICE: ready to handle connections
[01-Jun-2023 08:20:17] NOTICE: Terminating ...
[01-Jun-2023 08:20:17] NOTICE: exiting, bye-bye!
[01-Jun-2023 08:22:48] NOTICE: fpm is running, pid 232
[01-Jun-2023 08:22:48] NOTICE: ready to handle connections
[01-Jun-2023 08:31:17] NOTICE: Terminating ...
[01-Jun-2023 08:31:17] NOTICE: exiting, bye-bye!
[01-Jun-2023 08:32:14] NOTICE: fpm is running, pid 234
[01-Jun-2023 08:32:14] NOTICE: ready to handle connections
[01-Jun-2023 08:35:03] NOTICE: Terminating ...
[01-Jun-2023 08:35:03] NOTICE: exiting, bye-bye!
[01-Jun-2023 09:03:07] NOTICE: fpm is running, pid 228
[01-Jun-2023 09:03:07] NOTICE: ready to handle connections
[01-Jun-2023 09:11:59] NOTICE: Terminating ...
[01-Jun-2023 09:11:59] NOTICE: exiting, bye-bye!
[01-Jun-2023 10:36:44] NOTICE: fpm is running, pid 232
[01-Jun-2023 10:36:44] NOTICE: ready to handle connections
[01-Jun-2023 10:38:00] NOTICE: Terminating ...
[01-Jun-2023 10:38:00] NOTICE: exiting, bye-bye!
