[09-May-2023 07:21:15] NOTICE: fpm is running, pid 262
[09-May-2023 07:21:15] NOTICE: ready to handle connections
[29-May-2023 18:31:16] NOTICE: fpm is running, pid 235
[29-May-2023 18:31:16] NOTICE: ready to handle connections
[29-May-2023 18:49:32] NOTICE: Terminating ...
[29-May-2023 18:49:32] NOTICE: exiting, bye-bye!
[29-May-2023 18:50:19] NOTICE: fpm is running, pid 231
[29-May-2023 18:50:19] NOTICE: ready to handle connections
[29-May-2023 18:52:49] NOTICE: Terminating ...
[29-May-2023 18:52:49] NOTICE: exiting, bye-bye!
[29-May-2023 18:54:02] NOTICE: fpm is running, pid 234
[29-May-2023 18:54:02] NOTICE: ready to handle connections
[29-May-2023 21:20:32] NOTICE: Terminating ...
[29-May-2023 21:20:32] NOTICE: exiting, bye-bye!
[31-May-2023 07:22:21] NOTICE: fpm is running, pid 234
[31-May-2023 07:22:21] NOTICE: ready to handle connections
[31-May-2023 07:56:46] NOTICE: Terminating ...
[31-May-2023 07:56:46] NOTICE: exiting, bye-bye!
[31-May-2023 07:58:51] NOTICE: fpm is running, pid 233
[31-May-2023 07:58:51] NOTICE: ready to handle connections
[31-May-2023 09:00:07] NOTICE: Terminating ...
[31-May-2023 09:00:07] NOTICE: exiting, bye-bye!
[31-May-2023 09:12:34] NOTICE: fpm is running, pid 232
[31-May-2023 09:12:34] NOTICE: ready to handle connections
[31-May-2023 09:48:44] NOTICE: Terminating ...
[31-May-2023 09:48:44] NOTICE: exiting, bye-bye!
[31-May-2023 10:03:22] NOTICE: fpm is running, pid 234
[31-May-2023 10:03:22] NOTICE: ready to handle connections
[31-May-2023 11:38:23] NOTICE: Terminating ...
[31-May-2023 11:38:23] NOTICE: exiting, bye-bye!
[31-May-2023 12:59:10] NOTICE: fpm is running, pid 234
[31-May-2023 12:59:10] NOTICE: ready to handle connections
[31-May-2023 14:42:35] NOTICE: Terminating ...
[31-May-2023 14:42:35] NOTICE: exiting, bye-bye!
[01-Jun-2023 13:14:31] NOTICE: fpm is running, pid 235
[01-Jun-2023 13:14:31] NOTICE: ready to handle connections
[01-Jun-2023 13:17:01] NOTICE: Terminating ...
[01-Jun-2023 13:17:01] NOTICE: exiting, bye-bye!
[01-Jun-2023 13:41:01] NOTICE: fpm is running, pid 227
[01-Jun-2023 13:41:01] NOTICE: ready to handle connections
[01-Jun-2023 15:58:41] NOTICE: Terminating ...
[01-Jun-2023 15:58:41] NOTICE: exiting, bye-bye!
[01-Jun-2023 20:08:30] NOTICE: fpm is running, pid 212
[01-Jun-2023 20:08:30] NOTICE: ready to handle connections
[05-Jun-2023 18:05:53] NOTICE: Terminating ...
[05-Jun-2023 18:05:53] NOTICE: exiting, bye-bye!
[05-Jun-2023 18:06:31] NOTICE: fpm is running, pid 212
[05-Jun-2023 18:06:31] NOTICE: ready to handle connections
[05-Jun-2023 18:11:31] NOTICE: Terminating ...
[05-Jun-2023 18:11:31] NOTICE: exiting, bye-bye!
[05-Jun-2023 18:22:47] NOTICE: fpm is running, pid 232
[05-Jun-2023 18:22:47] NOTICE: ready to handle connections
[05-Jun-2023 18:30:00] NOTICE: Terminating ...
[05-Jun-2023 18:30:00] NOTICE: exiting, bye-bye!
[05-Jun-2023 18:31:30] NOTICE: fpm is running, pid 232
[05-Jun-2023 18:31:30] NOTICE: ready to handle connections
[05-Jun-2023 18:35:07] NOTICE: Terminating ...
[05-Jun-2023 18:35:07] NOTICE: exiting, bye-bye!
[05-Jun-2023 18:35:40] NOTICE: fpm is running, pid 229
[05-Jun-2023 18:35:40] NOTICE: ready to handle connections
[05-Jun-2023 19:06:08] NOTICE: Terminating ...
[05-Jun-2023 19:06:08] NOTICE: exiting, bye-bye!
[05-Jun-2023 19:52:30] NOTICE: fpm is running, pid 234
[05-Jun-2023 19:52:30] NOTICE: ready to handle connections
[05-Jun-2023 20:29:07] NOTICE: Terminating ...
[05-Jun-2023 20:29:07] NOTICE: exiting, bye-bye!
[09-Jun-2023 08:49:32] NOTICE: fpm is running, pid 211
[09-Jun-2023 08:49:32] NOTICE: ready to handle connections
[12-Jun-2023 15:22:16] NOTICE: fpm is running, pid 210
[12-Jun-2023 15:22:16] NOTICE: ready to handle connections
[12-Jun-2023 18:05:09] NOTICE: Terminating ...
[12-Jun-2023 18:05:09] NOTICE: exiting, bye-bye!
[12-Jun-2023 18:05:42] NOTICE: fpm is running, pid 233
[12-Jun-2023 18:05:42] NOTICE: ready to handle connections
[12-Jun-2023 18:12:27] NOTICE: Terminating ...
[12-Jun-2023 18:12:27] NOTICE: exiting, bye-bye!
[12-Jun-2023 18:16:43] NOTICE: fpm is running, pid 234
[12-Jun-2023 18:16:43] NOTICE: ready to handle connections
[12-Jun-2023 18:17:46] NOTICE: Terminating ...
[12-Jun-2023 18:17:46] NOTICE: exiting, bye-bye!
[12-Jun-2023 18:19:03] NOTICE: fpm is running, pid 233
[12-Jun-2023 18:19:03] NOTICE: ready to handle connections
[12-Jun-2023 18:24:10] NOTICE: Terminating ...
[12-Jun-2023 18:24:10] NOTICE: exiting, bye-bye!
[12-Jun-2023 18:25:07] NOTICE: fpm is running, pid 234
[12-Jun-2023 18:25:07] NOTICE: ready to handle connections
[12-Jun-2023 18:25:25] NOTICE: Terminating ...
[12-Jun-2023 18:25:25] NOTICE: exiting, bye-bye!
[12-Jun-2023 18:26:01] NOTICE: fpm is running, pid 234
[12-Jun-2023 18:26:01] NOTICE: ready to handle connections
[12-Jun-2023 18:27:32] NOTICE: Terminating ...
[12-Jun-2023 18:27:32] NOTICE: exiting, bye-bye!
[12-Jun-2023 18:28:07] NOTICE: fpm is running, pid 211
[12-Jun-2023 18:28:07] NOTICE: ready to handle connections
[12-Jun-2023 18:28:50] NOTICE: Terminating ...
[12-Jun-2023 18:28:50] NOTICE: exiting, bye-bye!
[12-Jun-2023 18:29:20] NOTICE: fpm is running, pid 215
[12-Jun-2023 18:29:20] NOTICE: ready to handle connections
[12-Jun-2023 18:32:40] NOTICE: Terminating ...
[12-Jun-2023 18:32:40] NOTICE: exiting, bye-bye!
[12-Jun-2023 18:34:21] NOTICE: fpm is running, pid 209
[12-Jun-2023 18:34:21] NOTICE: ready to handle connections
[12-Jun-2023 18:34:37] NOTICE: Terminating ...
[12-Jun-2023 18:34:37] NOTICE: exiting, bye-bye!
[12-Jun-2023 18:34:59] NOTICE: fpm is running, pid 232
[12-Jun-2023 18:34:59] NOTICE: ready to handle connections
[12-Jun-2023 18:37:10] NOTICE: Terminating ...
[12-Jun-2023 18:37:10] NOTICE: exiting, bye-bye!
[12-Jun-2023 18:39:15] NOTICE: fpm is running, pid 207
[12-Jun-2023 18:39:15] NOTICE: ready to handle connections
[12-Jun-2023 18:46:47] NOTICE: Terminating ...
[12-Jun-2023 18:46:47] NOTICE: exiting, bye-bye!
[12-Jun-2023 18:48:22] NOTICE: fpm is running, pid 233
[12-Jun-2023 18:48:22] NOTICE: ready to handle connections
[12-Jun-2023 18:51:24] NOTICE: Terminating ...
[12-Jun-2023 18:51:24] NOTICE: exiting, bye-bye!
[12-Jun-2023 18:52:02] NOTICE: fpm is running, pid 232
[12-Jun-2023 18:52:02] NOTICE: ready to handle connections
[12-Jun-2023 19:21:16] NOTICE: Terminating ...
[12-Jun-2023 19:21:16] NOTICE: exiting, bye-bye!
[12-Jun-2023 19:22:06] NOTICE: fpm is running, pid 234
[12-Jun-2023 19:22:06] NOTICE: ready to handle connections
[12-Jun-2023 19:24:33] NOTICE: Terminating ...
[12-Jun-2023 19:24:33] NOTICE: exiting, bye-bye!
[12-Jun-2023 19:26:12] NOTICE: fpm is running, pid 235
[12-Jun-2023 19:26:12] NOTICE: ready to handle connections
[12-Jun-2023 19:29:22] NOTICE: Terminating ...
[12-Jun-2023 19:29:22] NOTICE: exiting, bye-bye!
[12-Jun-2023 19:30:32] NOTICE: fpm is running, pid 236
[12-Jun-2023 19:30:32] NOTICE: ready to handle connections
[12-Jun-2023 20:10:53] NOTICE: Terminating ...
[12-Jun-2023 20:10:53] NOTICE: exiting, bye-bye!
[22-Jun-2023 11:56:06] NOTICE: fpm is running, pid 234
[22-Jun-2023 11:56:06] NOTICE: ready to handle connections
[22-Jun-2023 15:51:18] NOTICE: Terminating ...
[22-Jun-2023 15:51:18] NOTICE: exiting, bye-bye!
[22-Jun-2023 21:07:56] NOTICE: fpm is running, pid 208
[22-Jun-2023 21:07:56] NOTICE: ready to handle connections
[22-Jun-2023 21:15:01] NOTICE: Terminating ...
[22-Jun-2023 21:15:01] NOTICE: exiting, bye-bye!
[22-Jun-2023 22:05:34] NOTICE: fpm is running, pid 214
[22-Jun-2023 22:05:34] NOTICE: ready to handle connections
[22-Jun-2023 22:12:19] NOTICE: Terminating ...
[22-Jun-2023 22:12:19] NOTICE: exiting, bye-bye!
[23-Jun-2023 07:04:05] NOTICE: fpm is running, pid 211
[23-Jun-2023 07:04:05] NOTICE: ready to handle connections
[23-Jun-2023 07:33:41] NOTICE: Terminating ...
[23-Jun-2023 07:33:41] NOTICE: exiting, bye-bye!
[23-Jun-2023 09:32:04] NOTICE: fpm is running, pid 229
[23-Jun-2023 09:32:04] NOTICE: ready to handle connections
[23-Jun-2023 09:40:49] NOTICE: Terminating ...
[23-Jun-2023 09:40:49] NOTICE: exiting, bye-bye!
[23-Jun-2023 09:43:39] NOTICE: fpm is running, pid 232
[23-Jun-2023 09:43:39] NOTICE: ready to handle connections
[23-Jun-2023 09:45:50] NOTICE: Terminating ...
[23-Jun-2023 09:45:50] NOTICE: exiting, bye-bye!
[23-Jun-2023 10:23:32] NOTICE: fpm is running, pid 231
[23-Jun-2023 10:23:32] NOTICE: ready to handle connections
[23-Jun-2023 10:42:41] NOTICE: Terminating ...
[23-Jun-2023 10:42:41] NOTICE: exiting, bye-bye!
